<?xml version="1.0" encoding="UTF-8" ?>
<testsuite failures="1" time="33.762" errors="0" skipped="0" tests="2" name="TestSuite">
  <properties>
[...]
</properties>
  <testcase time="0.001" classname="com.selenium2.pages.HomePageTest" name="test2"/>
  <testcase time="30.458" classname="com.selenium2.pages.HomePageTest" name="testH1Existing">
    <failure message="Unable to locate element
For documentation on this error, please visit: http://seleniumhq.org/exceptions/no_such_element.html
Build info: version: &apos;14666&apos;, revision: &apos;unknown&apos;, time: &apos;2011-11-10 19:22:03&apos;
System info: os.name: &apos;Mac OS X&apos;, os.arch: &apos;x86_64&apos;, os.version: &apos;10.7.2&apos;, java.version: &apos;1.6.0_26&apos;
Driver info: driver.version: RemoteWebDriver" type="org.openqa.selenium.NoSuchElementException">org.openqa.selenium.NoSuchElementException: Unable to locate element
For documentation on this error, please visit: http://seleniumhq.org/exceptions/no_such_element.html
Build info: version: &apos;14666&apos;, revision: &apos;unknown&apos;, time: &apos;2011-11-10 19:22:03&apos;
System info: os.name: &apos;Mac OS X&apos;, os.arch: &apos;x86_64&apos;, os.version: &apos;10.7.2&apos;, java.version: &apos;1.6.0_26&apos;
Driver info: driver.version: RemoteWebDriver
	at sun.reflect.NativeConstructorAccessorImpl.newInstance0(Native Method)
	at sun.reflect.NativeConstructorAccessorImpl.newInstance(NativeConstructorAccessorImpl.java:39)
	at sun.reflect.DelegatingConstructorAccessorImpl.newInstance(DelegatingConstructorAccessorImpl.java:27)
	at java.lang.reflect.Constructor.newInstance(Constructor.java:513)
	at org.openqa.selenium.remote.ErrorHandler.createThrowable(ErrorHandler.java:131)
	at org.openqa.selenium.remote.ErrorHandler.throwIfResponseFailed(ErrorHandler.java:105)
	at org.openqa.selenium.remote.RemoteWebDriver.execute(RemoteWebDriver.java:405)
	at org.openqa.selenium.remote.RemoteWebDriver.findElement(RemoteWebDriver.java:193)
	at org.openqa.selenium.remote.RemoteWebDriver.findElementByTagName(RemoteWebDriver.java:234)
	at org.openqa.selenium.By$ByTagName.findElement(By.java:314)
	at org.openqa.selenium.remote.RemoteWebDriver.findElement(RemoteWebDriver.java:185)
	at org.openqa.selenium.support.pagefactory.DefaultElementLocator.findElement(DefaultElementLocator.java:60)
	at org.openqa.selenium.support.pagefactory.internal.LocatingElementHandler.invoke(LocatingElementHandler.java:35)
	at $Proxy10.getText(Unknown Source)
	at com.selenium2.pages.HomePage.getH1(HomePage.java:27)
	at com.selenium2.pages.HomePageTest.testH1Existing(HomePageTest.java:24)
Caused by: org.openqa.selenium.remote.ErrorHandler$UnknownServerException: Unable to locate element
Build info: version: &apos;14666&apos;, revision: &apos;unknown&apos;, time: &apos;2011-11-10 19:22:03&apos;
System info: os.name: &apos;Mac OS X&apos;, os.arch: &apos;x86_64&apos;, os.version: &apos;10.7.2&apos;, java.version: &apos;1.6.0_26&apos;
Driver info: driver.version: unknown
</failure>
  </testcase>
</testsuite>